<?xml version="1.0" encoding="UTF-8"?>
<!-- Generated by org.testng.reporters.JUnitReportReporter -->
<testsuite name="com.lib.GenericLib" tests="1" time="0.061" ignored="0" failures="0" timestamp="12 Mar 2017 05:11:29 GMT" skipped="0" hostname="CBT-086" errors="0">
  <testcase name="test" time="0.061" classname="com.lib.GenericLib"/>
</testsuite> <!-- com.lib.GenericLib -->
