<?xml version="1.0" encoding="UTF-8"?>
<!-- Generated by org.testng.reporters.JUnitReportReporter -->
<testsuite name="com.sampletestng.Testng" tests="1" time="0.029" ignored="0" failures="0" timestamp="11 Mar 2017 06:59:25 GMT" skipped="0" hostname="CBT-086" errors="0">
  <testcase name="sampletest" time="0.029" classname="com.sampletestng.Testng"/>
</testsuite> <!-- com.sampletestng.Testng -->
