<?xml version="1.0" encoding="UTF-8"?>
<!-- Generated by org.testng.reporters.JUnitReportReporter -->
<testsuite name="com.script.SampleTest" tests="2" time="24.798" ignored="0" failures="0" timestamp="26 Mar 2017 06:28:47 GMT" skipped="0" hostname="CBT-086" errors="0">
  <testcase name="Googlepage" time="12.540" classname="com.script.SampleTest"/>
  <testcase name="Googlepage" time="12.258" classname="com.script.SampleTest"/>
</testsuite> <!-- com.script.SampleTest -->
