<?xml version="1.0" encoding="UTF-8"?>
<!-- Generated by org.testng.reporters.JUnitReportReporter -->
<testsuite name="com.script.SampleTest" tests="2" time="30.721" ignored="0" failures="0" timestamp="26 Mar 2017 06:49:15 GMT" skipped="0" hostname="CBT-086" errors="0">
  <testcase name="Googlepage" time="15.677" classname="com.script.SampleTest"/>
  <testcase name="Googlepage" time="15.044" classname="com.script.SampleTest"/>
</testsuite> <!-- com.script.SampleTest -->
